Terminals unused in grammar

   "end of line"
   '{'
   '}'
   "quoted string"
   "start of unit of execution"
   "end of unit of execution"
   "declarator"
   "value"


State 49 conflicts: 1 reduce/reduce
State 92 conflicts: 1 shift/reduce


Grammar

    0 $accept: start "end of file"

    1 bang: "!"

    2 gt: ">"

    3 lt: "<"

    4 gte: ">="

    5 lte: "<="

    6 neq: "!="

    7 eq: "=="

    8 and: "&&"

    9 or: "||"

   10 multiply: "*"

   11 divide: "/"

   12 plus: "+"

   13 minus: "-"

   14 exponent: "^"

   15 lparen: "("

   16 rparen: ")"

   17 function_name: "string"

   18 function_args: %empty
   19              | math_exp
   20              | function_args comma math_exp

   21 function: value
   22         | function_name lparen function_args rparen

   23 math_exp: function
   24         | minus math_exp
   25         | bang math_exp
   26         | lparen math_exp rparen
   27         | math_exp multiply math_exp
   28         | math_exp divide math_exp
   29         | math_exp plus math_exp
   30         | math_exp minus math_exp
   31         | math_exp exponent math_exp
   32         | math_exp eq math_exp
   33         | math_exp neq math_exp
   34         | math_exp and math_exp
   35         | math_exp or math_exp
   36         | math_exp gte math_exp
   37         | math_exp gt math_exp
   38         | math_exp lte math_exp
   39         | math_exp lt math_exp

   40 comma: ","

   41 assign: "="

   42 object_term: "block terminator"

   43 sub_object_term: "subblock terminator"

   44 lbracket: "["

   45 rbracket: "]"

   46 dot_slash: DOT_SLASH

   47 sub_object_decl: lbracket dot_slash string rbracket

   48 sub_object: sub_object_decl sub_object_term
   49           | sub_object_decl object_members sub_object_term

   50 object_decl: lbracket string rbracket

   51 object_member: primitive
   52              | keyedvalue
   53              | comment
   54              | sub_object

   55 object_members: object_member
   56               | object_members object_member

   57 object: object_decl object_term
   58       | object_decl object_members object_term

   59 integer: "integer"

   60 real: "real"

   61 unquoted_string: "string"

   62 VALUE: "integer"
   63      | "real"
   64      | "string"

   65 value: VALUE

   66 DECL: "string"

   67 decl: DECL

   68 quote: QUOTE

   69 string: unquoted_string

   70 primitive: integer
   71          | real
   72          | string

   73 array_member: comma
   74             | math_exp

   75 array_members: array_member
   76              | array_members array_member

   77 array: quote array_members quote
   78      | quote quote

   79 keyedvalue: decl assign math_exp
   80           | decl assign array

   81 comment: "comment"

   82 start: %empty
   83      | start comment
   84      | start keyedvalue
   85      | start object


Terminals, with rules where they appear

"end of file" (0) 0
'{' (123)
'}' (125)
error (256)
"end of line" (258)
"[" (259) 44
"]" (260) 45
"!" (261) 1
"=" (262) 41
"," (263) 40
">=" (264) 4
"<=" (265) 5
"<" (266) 3
">" (267) 2
"!=" (268) 6
"==" (269) 7
"&&" (270) 8
"||" (271) 9
"*" (272) 10
"/" (273) 11
"+" (274) 12
"-" (275) 13
"^" (276) 14
"(" (277) 15
")" (278) 16
DOT_SLASH (279) 46
QUOTE (280) 68
"integer" (281) 59 62
"real" (282) 60 63
"string" (283) 17 61 64 66
"quoted string" (284)
"comment" (285) 81
"start of unit of execution" (286)
"end of unit of execution" (287)
"block terminator" (288) 42
"subblock terminator" (289) 43
"declarator" (290)
"value" (291)
UMINUS (292)
UNOT (293)
"constant" (294)
"name" (295)


Nonterminals, with rules where they appear

$accept (43)
    on left: 0
bang (44)
    on left: 1, on right: 25
gt (45)
    on left: 2, on right: 37
lt (46)
    on left: 3, on right: 39
gte (47)
    on left: 4, on right: 36
lte (48)
    on left: 5, on right: 38
neq (49)
    on left: 6, on right: 33
eq (50)
    on left: 7, on right: 32
and (51)
    on left: 8, on right: 34
or (52)
    on left: 9, on right: 35
multiply (53)
    on left: 10, on right: 27
divide (54)
    on left: 11, on right: 28
plus (55)
    on left: 12, on right: 29
minus (56)
    on left: 13, on right: 24 30
exponent (57)
    on left: 14, on right: 31
lparen (58)
    on left: 15, on right: 22 26
rparen (59)
    on left: 16, on right: 22 26
function_name (60)
    on left: 17, on right: 22
function_args (61)
    on left: 18 19 20, on right: 20 22
function (62)
    on left: 21 22, on right: 23
math_exp (63)
    on left: 23 24 25 26 27 28 29 30 31 32 33 34 35 36 37 38 39, on right:
    19 20 24 25 26 27 28 29 30 31 32 33 34 35 36 37 38 39 74 79
comma (64)
    on left: 40, on right: 20 73
assign (65)
    on left: 41, on right: 79 80
object_term (66)
    on left: 42, on right: 57 58
sub_object_term (67)
    on left: 43, on right: 48 49
lbracket (68)
    on left: 44, on right: 47 50
rbracket (69)
    on left: 45, on right: 47 50
dot_slash (70)
    on left: 46, on right: 47
sub_object_decl (71)
    on left: 47, on right: 48 49
sub_object (72)
    on left: 48 49, on right: 54
object_decl (73)
    on left: 50, on right: 57 58
object_member (74)
    on left: 51 52 53 54, on right: 55 56
object_members (75)
    on left: 55 56, on right: 49 56 58
object (76)
    on left: 57 58, on right: 85
integer (77)
    on left: 59, on right: 70
real (78)
    on left: 60, on right: 71
unquoted_string (79)
    on left: 61, on right: 69
VALUE (80)
    on left: 62 63 64, on right: 65
value (81)
    on left: 65, on right: 21
DECL (82)
    on left: 66, on right: 67
decl (83)
    on left: 67, on right: 79 80
quote (84)
    on left: 68, on right: 77 78
string (85)
    on left: 69, on right: 47 50 72
primitive (86)
    on left: 70 71 72, on right: 51
array_member (87)
    on left: 73 74, on right: 75 76
array_members (88)
    on left: 75 76, on right: 76 77
array (89)
    on left: 77 78, on right: 80
keyedvalue (90)
    on left: 79 80, on right: 52 84
comment (91)
    on left: 81, on right: 53 83
start (92)
    on left: 82 83 84 85, on right: 0 83 84 85


State 0

    0 $accept: . start "end of file"

    $default  reduce using rule 82 (start)

    start  go to state 1


State 1

    0 $accept: start . "end of file"
   83 start: start . comment
   84      | start . keyedvalue
   85      | start . object

    "end of file"  shift, and go to state 2
    "["            shift, and go to state 3
    "string"       shift, and go to state 4
    "comment"      shift, and go to state 5

    lbracket     go to state 6
    object_decl  go to state 7
    object       go to state 8
    DECL         go to state 9
    decl         go to state 10
    keyedvalue   go to state 11
    comment      go to state 12


State 2

    0 $accept: start "end of file" .

    $default  accept


State 3

   44 lbracket: "[" .

    $default  reduce using rule 44 (lbracket)


State 4

   66 DECL: "string" .

    $default  reduce using rule 66 (DECL)


State 5

   81 comment: "comment" .

    $default  reduce using rule 81 (comment)


State 6

   50 object_decl: lbracket . string rbracket

    "string"  shift, and go to state 13

    unquoted_string  go to state 14
    string           go to state 15


State 7

   57 object: object_decl . object_term
   58       | object_decl . object_members object_term

    "["                 shift, and go to state 3
    "integer"           shift, and go to state 16
    "real"              shift, and go to state 17
    "string"            shift, and go to state 18
    "comment"           shift, and go to state 5
    "block terminator"  shift, and go to state 19

    object_term      go to state 20
    lbracket         go to state 21
    sub_object_decl  go to state 22
    sub_object       go to state 23
    object_member    go to state 24
    object_members   go to state 25
    integer          go to state 26
    real             go to state 27
    unquoted_string  go to state 14
    DECL             go to state 9
    decl             go to state 10
    string           go to state 28
    primitive        go to state 29
    keyedvalue       go to state 30
    comment          go to state 31


State 8

   85 start: start object .

    $default  reduce using rule 85 (start)


State 9

   67 decl: DECL .

    $default  reduce using rule 67 (decl)


State 10

   79 keyedvalue: decl . assign math_exp
   80           | decl . assign array

    "="  shift, and go to state 32

    assign  go to state 33


State 11

   84 start: start keyedvalue .

    $default  reduce using rule 84 (start)


State 12

   83 start: start comment .

    $default  reduce using rule 83 (start)


State 13

   61 unquoted_string: "string" .

    $default  reduce using rule 61 (unquoted_string)


State 14

   69 string: unquoted_string .

    $default  reduce using rule 69 (string)


State 15

   50 object_decl: lbracket string . rbracket

    "]"  shift, and go to state 34

    rbracket  go to state 35


State 16

   59 integer: "integer" .

    $default  reduce using rule 59 (integer)


State 17

   60 real: "real" .

    $default  reduce using rule 60 (real)


State 18

   61 unquoted_string: "string" .  ["[", "integer", "real", "string", "comment", "block terminator", "subblock terminator"]
   66 DECL: "string" .  ["="]

    "="       reduce using rule 66 (DECL)
    $default  reduce using rule 61 (unquoted_string)


State 19

   42 object_term: "block terminator" .

    $default  reduce using rule 42 (object_term)


State 20

   57 object: object_decl object_term .

    $default  reduce using rule 57 (object)


State 21

   47 sub_object_decl: lbracket . dot_slash string rbracket

    DOT_SLASH  shift, and go to state 36

    dot_slash  go to state 37


State 22

   48 sub_object: sub_object_decl . sub_object_term
   49           | sub_object_decl . object_members sub_object_term

    "["                    shift, and go to state 3
    "integer"              shift, and go to state 16
    "real"                 shift, and go to state 17
    "string"               shift, and go to state 18
    "comment"              shift, and go to state 5
    "subblock terminator"  shift, and go to state 38

    sub_object_term  go to state 39
    lbracket         go to state 21
    sub_object_decl  go to state 22
    sub_object       go to state 23
    object_member    go to state 24
    object_members   go to state 40
    integer          go to state 26
    real             go to state 27
    unquoted_string  go to state 14
    DECL             go to state 9
    decl             go to state 10
    string           go to state 28
    primitive        go to state 29
    keyedvalue       go to state 30
    comment          go to state 31


State 23

   54 object_member: sub_object .

    $default  reduce using rule 54 (object_member)


State 24

   55 object_members: object_member .

    $default  reduce using rule 55 (object_members)


State 25

   56 object_members: object_members . object_member
   58 object: object_decl object_members . object_term

    "["                 shift, and go to state 3
    "integer"           shift, and go to state 16
    "real"              shift, and go to state 17
    "string"            shift, and go to state 18
    "comment"           shift, and go to state 5
    "block terminator"  shift, and go to state 19

    object_term      go to state 41
    lbracket         go to state 21
    sub_object_decl  go to state 22
    sub_object       go to state 23
    object_member    go to state 42
    integer          go to state 26
    real             go to state 27
    unquoted_string  go to state 14
    DECL             go to state 9
    decl             go to state 10
    string           go to state 28
    primitive        go to state 29
    keyedvalue       go to state 30
    comment          go to state 31


State 26

   70 primitive: integer .

    $default  reduce using rule 70 (primitive)


State 27

   71 primitive: real .

    $default  reduce using rule 71 (primitive)


State 28

   72 primitive: string .

    $default  reduce using rule 72 (primitive)


State 29

   51 object_member: primitive .

    $default  reduce using rule 51 (object_member)


State 30

   52 object_member: keyedvalue .

    $default  reduce using rule 52 (object_member)


State 31

   53 object_member: comment .

    $default  reduce using rule 53 (object_member)


State 32

   41 assign: "=" .

    $default  reduce using rule 41 (assign)


State 33

   79 keyedvalue: decl assign . math_exp
   80           | decl assign . array

    "!"        shift, and go to state 43
    "-"        shift, and go to state 44
    "("        shift, and go to state 45
    QUOTE      shift, and go to state 46
    "integer"  shift, and go to state 47
    "real"     shift, and go to state 48
    "string"   shift, and go to state 49

    bang           go to state 50
    minus          go to state 51
    lparen         go to state 52
    function_name  go to state 53
    function       go to state 54
    math_exp       go to state 55
    VALUE          go to state 56
    value          go to state 57
    quote          go to state 58
    array          go to state 59


State 34

   45 rbracket: "]" .

    $default  reduce using rule 45 (rbracket)


State 35

   50 object_decl: lbracket string rbracket .

    $default  reduce using rule 50 (object_decl)


State 36

   46 dot_slash: DOT_SLASH .

    $default  reduce using rule 46 (dot_slash)


State 37

   47 sub_object_decl: lbracket dot_slash . string rbracket

    "string"  shift, and go to state 13

    unquoted_string  go to state 14
    string           go to state 60


State 38

   43 sub_object_term: "subblock terminator" .

    $default  reduce using rule 43 (sub_object_term)


State 39

   48 sub_object: sub_object_decl sub_object_term .

    $default  reduce using rule 48 (sub_object)


State 40

   49 sub_object: sub_object_decl object_members . sub_object_term
   56 object_members: object_members . object_member

    "["                    shift, and go to state 3
    "integer"              shift, and go to state 16
    "real"                 shift, and go to state 17
    "string"               shift, and go to state 18
    "comment"              shift, and go to state 5
    "subblock terminator"  shift, and go to state 38

    sub_object_term  go to state 61
    lbracket         go to state 21
    sub_object_decl  go to state 22
    sub_object       go to state 23
    object_member    go to state 42
    integer          go to state 26
    real             go to state 27
    unquoted_string  go to state 14
    DECL             go to state 9
    decl             go to state 10
    string           go to state 28
    primitive        go to state 29
    keyedvalue       go to state 30
    comment          go to state 31


State 41

   58 object: object_decl object_members object_term .

    $default  reduce using rule 58 (object)


State 42

   56 object_members: object_members object_member .

    $default  reduce using rule 56 (object_members)


State 43

    1 bang: "!" .

    $default  reduce using rule 1 (bang)


State 44

   13 minus: "-" .

    $default  reduce using rule 13 (minus)


State 45

   15 lparen: "(" .

    $default  reduce using rule 15 (lparen)


State 46

   68 quote: QUOTE .

    $default  reduce using rule 68 (quote)


State 47

   62 VALUE: "integer" .

    $default  reduce using rule 62 (VALUE)


State 48

   63 VALUE: "real" .

    $default  reduce using rule 63 (VALUE)


State 49

   17 function_name: "string" .  ["("]
   64 VALUE: "string" .  ["end of file", "[", "!", ",", ">=", "<=", "<", ">", "!=", "==", "&&", "||", "*", "/", "+", "-", "^", "(", ")", QUOTE, "integer", "real", "string", "comment", "block terminator", "subblock terminator"]

    "("       reduce using rule 17 (function_name)
    "("       [reduce using rule 64 (VALUE)]
    $default  reduce using rule 64 (VALUE)


State 50

   25 math_exp: bang . math_exp

    "!"        shift, and go to state 43
    "-"        shift, and go to state 44
    "("        shift, and go to state 45
    "integer"  shift, and go to state 47
    "real"     shift, and go to state 48
    "string"   shift, and go to state 49

    bang           go to state 50
    minus          go to state 51
    lparen         go to state 52
    function_name  go to state 53
    function       go to state 54
    math_exp       go to state 62
    VALUE          go to state 56
    value          go to state 57


State 51

   24 math_exp: minus . math_exp

    "!"        shift, and go to state 43
    "-"        shift, and go to state 44
    "("        shift, and go to state 45
    "integer"  shift, and go to state 47
    "real"     shift, and go to state 48
    "string"   shift, and go to state 49

    bang           go to state 50
    minus          go to state 51
    lparen         go to state 52
    function_name  go to state 53
    function       go to state 54
    math_exp       go to state 63
    VALUE          go to state 56
    value          go to state 57


State 52

   26 math_exp: lparen . math_exp rparen

    "!"        shift, and go to state 43
    "-"        shift, and go to state 44
    "("        shift, and go to state 45
    "integer"  shift, and go to state 47
    "real"     shift, and go to state 48
    "string"   shift, and go to state 49

    bang           go to state 50
    minus          go to state 51
    lparen         go to state 52
    function_name  go to state 53
    function       go to state 54
    math_exp       go to state 64
    VALUE          go to state 56
    value          go to state 57


State 53

   22 function: function_name . lparen function_args rparen

    "("  shift, and go to state 45

    lparen  go to state 65


State 54

   23 math_exp: function .

    $default  reduce using rule 23 (math_exp)


State 55

   27 math_exp: math_exp . multiply math_exp
   28         | math_exp . divide math_exp
   29         | math_exp . plus math_exp
   30         | math_exp . minus math_exp
   31         | math_exp . exponent math_exp
   32         | math_exp . eq math_exp
   33         | math_exp . neq math_exp
   34         | math_exp . and math_exp
   35         | math_exp . or math_exp
   36         | math_exp . gte math_exp
   37         | math_exp . gt math_exp
   38         | math_exp . lte math_exp
   39         | math_exp . lt math_exp
   79 keyedvalue: decl assign math_exp .  ["end of file", "[", "integer", "real", "string", "comment", "block terminator", "subblock terminator"]

    ">="  shift, and go to state 66
    "<="  shift, and go to state 67
    "<"   shift, and go to state 68
    ">"   shift, and go to state 69
    "!="  shift, and go to state 70
    "=="  shift, and go to state 71
    "&&"  shift, and go to state 72
    "||"  shift, and go to state 73
    "*"   shift, and go to state 74
    "/"   shift, and go to state 75
    "+"   shift, and go to state 76
    "-"   shift, and go to state 44
    "^"   shift, and go to state 77

    $default  reduce using rule 79 (keyedvalue)

    gt        go to state 78
    lt        go to state 79
    gte       go to state 80
    lte       go to state 81
    neq       go to state 82
    eq        go to state 83
    and       go to state 84
    or        go to state 85
    multiply  go to state 86
    divide    go to state 87
    plus      go to state 88
    minus     go to state 89
    exponent  go to state 90


State 56

   65 value: VALUE .

    $default  reduce using rule 65 (value)


State 57

   21 function: value .

    $default  reduce using rule 21 (function)


State 58

   77 array: quote . array_members quote
   78      | quote . quote

    "!"        shift, and go to state 43
    ","        shift, and go to state 91
    "-"        shift, and go to state 44
    "("        shift, and go to state 45
    QUOTE      shift, and go to state 46
    "integer"  shift, and go to state 47
    "real"     shift, and go to state 48
    "string"   shift, and go to state 49

    bang           go to state 50
    minus          go to state 51
    lparen         go to state 52
    function_name  go to state 53
    function       go to state 54
    math_exp       go to state 92
    comma          go to state 93
    VALUE          go to state 56
    value          go to state 57
    quote          go to state 94
    array_member   go to state 95
    array_members  go to state 96


State 59

   80 keyedvalue: decl assign array .

    $default  reduce using rule 80 (keyedvalue)


State 60

   47 sub_object_decl: lbracket dot_slash string . rbracket

    "]"  shift, and go to state 34

    rbracket  go to state 97


State 61

   49 sub_object: sub_object_decl object_members sub_object_term .

    $default  reduce using rule 49 (sub_object)


State 62

   25 math_exp: bang math_exp .  ["end of file", "[", "!", ",", ">=", "<=", "<", ">", "!=", "==", "&&", "||", "*", "/", "+", "-", "(", ")", QUOTE, "integer", "real", "string", "comment", "block terminator", "subblock terminator"]
   27         | math_exp . multiply math_exp
   28         | math_exp . divide math_exp
   29         | math_exp . plus math_exp
   30         | math_exp . minus math_exp
   31         | math_exp . exponent math_exp
   32         | math_exp . eq math_exp
   33         | math_exp . neq math_exp
   34         | math_exp . and math_exp
   35         | math_exp . or math_exp
   36         | math_exp . gte math_exp
   37         | math_exp . gt math_exp
   38         | math_exp . lte math_exp
   39         | math_exp . lt math_exp

    "^"  shift, and go to state 77

    $default  reduce using rule 25 (math_exp)

    gt        go to state 78
    lt        go to state 79
    gte       go to state 80
    lte       go to state 81
    neq       go to state 82
    eq        go to state 83
    and       go to state 84
    or        go to state 85
    multiply  go to state 86
    divide    go to state 87
    plus      go to state 88
    minus     go to state 89
    exponent  go to state 90


State 63

   24 math_exp: minus math_exp .  ["end of file", "[", "!", ",", ">=", "<=", "<", ">", "!=", "==", "&&", "||", "*", "/", "+", "-", "(", ")", QUOTE, "integer", "real", "string", "comment", "block terminator", "subblock terminator"]
   27         | math_exp . multiply math_exp
   28         | math_exp . divide math_exp
   29         | math_exp . plus math_exp
   30         | math_exp . minus math_exp
   31         | math_exp . exponent math_exp
   32         | math_exp . eq math_exp
   33         | math_exp . neq math_exp
   34         | math_exp . and math_exp
   35         | math_exp . or math_exp
   36         | math_exp . gte math_exp
   37         | math_exp . gt math_exp
   38         | math_exp . lte math_exp
   39         | math_exp . lt math_exp

    "^"  shift, and go to state 77

    $default  reduce using rule 24 (math_exp)

    gt        go to state 78
    lt        go to state 79
    gte       go to state 80
    lte       go to state 81
    neq       go to state 82
    eq        go to state 83
    and       go to state 84
    or        go to state 85
    multiply  go to state 86
    divide    go to state 87
    plus      go to state 88
    minus     go to state 89
    exponent  go to state 90


State 64

   26 math_exp: lparen math_exp . rparen
   27         | math_exp . multiply math_exp
   28         | math_exp . divide math_exp
   29         | math_exp . plus math_exp
   30         | math_exp . minus math_exp
   31         | math_exp . exponent math_exp
   32         | math_exp . eq math_exp
   33         | math_exp . neq math_exp
   34         | math_exp . and math_exp
   35         | math_exp . or math_exp
   36         | math_exp . gte math_exp
   37         | math_exp . gt math_exp
   38         | math_exp . lte math_exp
   39         | math_exp . lt math_exp

    ">="  shift, and go to state 66
    "<="  shift, and go to state 67
    "<"   shift, and go to state 68
    ">"   shift, and go to state 69
    "!="  shift, and go to state 70
    "=="  shift, and go to state 71
    "&&"  shift, and go to state 72
    "||"  shift, and go to state 73
    "*"   shift, and go to state 74
    "/"   shift, and go to state 75
    "+"   shift, and go to state 76
    "-"   shift, and go to state 44
    "^"   shift, and go to state 77
    ")"   shift, and go to state 98

    gt        go to state 78
    lt        go to state 79
    gte       go to state 80
    lte       go to state 81
    neq       go to state 82
    eq        go to state 83
    and       go to state 84
    or        go to state 85
    multiply  go to state 86
    divide    go to state 87
    plus      go to state 88
    minus     go to state 89
    exponent  go to state 90
    rparen    go to state 99


State 65

   22 function: function_name lparen . function_args rparen

    "!"        shift, and go to state 43
    "-"        shift, and go to state 44
    "("        shift, and go to state 45
    "integer"  shift, and go to state 47
    "real"     shift, and go to state 48
    "string"   shift, and go to state 49

    $default  reduce using rule 18 (function_args)

    bang           go to state 50
    minus          go to state 51
    lparen         go to state 52
    function_name  go to state 53
    function_args  go to state 100
    function       go to state 54
    math_exp       go to state 101
    VALUE          go to state 56
    value          go to state 57


State 66

    4 gte: ">=" .

    $default  reduce using rule 4 (gte)


State 67

    5 lte: "<=" .

    $default  reduce using rule 5 (lte)


State 68

    3 lt: "<" .

    $default  reduce using rule 3 (lt)


State 69

    2 gt: ">" .

    $default  reduce using rule 2 (gt)


State 70

    6 neq: "!=" .

    $default  reduce using rule 6 (neq)


State 71

    7 eq: "==" .

    $default  reduce using rule 7 (eq)


State 72

    8 and: "&&" .

    $default  reduce using rule 8 (and)


State 73

    9 or: "||" .

    $default  reduce using rule 9 (or)


State 74

   10 multiply: "*" .

    $default  reduce using rule 10 (multiply)


State 75

   11 divide: "/" .

    $default  reduce using rule 11 (divide)


State 76

   12 plus: "+" .

    $default  reduce using rule 12 (plus)


State 77

   14 exponent: "^" .

    $default  reduce using rule 14 (exponent)


State 78

   37 math_exp: math_exp gt . math_exp

    "!"        shift, and go to state 43
    "-"        shift, and go to state 44
    "("        shift, and go to state 45
    "integer"  shift, and go to state 47
    "real"     shift, and go to state 48
    "string"   shift, and go to state 49

    bang           go to state 50
    minus          go to state 51
    lparen         go to state 52
    function_name  go to state 53
    function       go to state 54
    math_exp       go to state 102
    VALUE          go to state 56
    value          go to state 57


State 79

   39 math_exp: math_exp lt . math_exp

    "!"        shift, and go to state 43
    "-"        shift, and go to state 44
    "("        shift, and go to state 45
    "integer"  shift, and go to state 47
    "real"     shift, and go to state 48
    "string"   shift, and go to state 49

    bang           go to state 50
    minus          go to state 51
    lparen         go to state 52
    function_name  go to state 53
    function       go to state 54
    math_exp       go to state 103
    VALUE          go to state 56
    value          go to state 57


State 80

   36 math_exp: math_exp gte . math_exp

    "!"        shift, and go to state 43
    "-"        shift, and go to state 44
    "("        shift, and go to state 45
    "integer"  shift, and go to state 47
    "real"     shift, and go to state 48
    "string"   shift, and go to state 49

    bang           go to state 50
    minus          go to state 51
    lparen         go to state 52
    function_name  go to state 53
    function       go to state 54
    math_exp       go to state 104
    VALUE          go to state 56
    value          go to state 57


State 81

   38 math_exp: math_exp lte . math_exp

    "!"        shift, and go to state 43
    "-"        shift, and go to state 44
    "("        shift, and go to state 45
    "integer"  shift, and go to state 47
    "real"     shift, and go to state 48
    "string"   shift, and go to state 49

    bang           go to state 50
    minus          go to state 51
    lparen         go to state 52
    function_name  go to state 53
    function       go to state 54
    math_exp       go to state 105
    VALUE          go to state 56
    value          go to state 57


State 82

   33 math_exp: math_exp neq . math_exp

    "!"        shift, and go to state 43
    "-"        shift, and go to state 44
    "("        shift, and go to state 45
    "integer"  shift, and go to state 47
    "real"     shift, and go to state 48
    "string"   shift, and go to state 49

    bang           go to state 50
    minus          go to state 51
    lparen         go to state 52
    function_name  go to state 53
    function       go to state 54
    math_exp       go to state 106
    VALUE          go to state 56
    value          go to state 57


State 83

   32 math_exp: math_exp eq . math_exp

    "!"        shift, and go to state 43
    "-"        shift, and go to state 44
    "("        shift, and go to state 45
    "integer"  shift, and go to state 47
    "real"     shift, and go to state 48
    "string"   shift, and go to state 49

    bang           go to state 50
    minus          go to state 51
    lparen         go to state 52
    function_name  go to state 53
    function       go to state 54
    math_exp       go to state 107
    VALUE          go to state 56
    value          go to state 57


State 84

   34 math_exp: math_exp and . math_exp

    "!"        shift, and go to state 43
    "-"        shift, and go to state 44
    "("        shift, and go to state 45
    "integer"  shift, and go to state 47
    "real"     shift, and go to state 48
    "string"   shift, and go to state 49

    bang           go to state 50
    minus          go to state 51
    lparen         go to state 52
    function_name  go to state 53
    function       go to state 54
    math_exp       go to state 108
    VALUE          go to state 56
    value          go to state 57


State 85

   35 math_exp: math_exp or . math_exp

    "!"        shift, and go to state 43
    "-"        shift, and go to state 44
    "("        shift, and go to state 45
    "integer"  shift, and go to state 47
    "real"     shift, and go to state 48
    "string"   shift, and go to state 49

    bang           go to state 50
    minus          go to state 51
    lparen         go to state 52
    function_name  go to state 53
    function       go to state 54
    math_exp       go to state 109
    VALUE          go to state 56
    value          go to state 57


State 86

   27 math_exp: math_exp multiply . math_exp

    "!"        shift, and go to state 43
    "-"        shift, and go to state 44
    "("        shift, and go to state 45
    "integer"  shift, and go to state 47
    "real"     shift, and go to state 48
    "string"   shift, and go to state 49

    bang           go to state 50
    minus          go to state 51
    lparen         go to state 52
    function_name  go to state 53
    function       go to state 54
    math_exp       go to state 110
    VALUE          go to state 56
    value          go to state 57


State 87

   28 math_exp: math_exp divide . math_exp

    "!"        shift, and go to state 43
    "-"        shift, and go to state 44
    "("        shift, and go to state 45
    "integer"  shift, and go to state 47
    "real"     shift, and go to state 48
    "string"   shift, and go to state 49

    bang           go to state 50
    minus          go to state 51
    lparen         go to state 52
    function_name  go to state 53
    function       go to state 54
    math_exp       go to state 111
    VALUE          go to state 56
    value          go to state 57


State 88

   29 math_exp: math_exp plus . math_exp

    "!"        shift, and go to state 43
    "-"        shift, and go to state 44
    "("        shift, and go to state 45
    "integer"  shift, and go to state 47
    "real"     shift, and go to state 48
    "string"   shift, and go to state 49

    bang           go to state 50
    minus          go to state 51
    lparen         go to state 52
    function_name  go to state 53
    function       go to state 54
    math_exp       go to state 112
    VALUE          go to state 56
    value          go to state 57


State 89

   30 math_exp: math_exp minus . math_exp

    "!"        shift, and go to state 43
    "-"        shift, and go to state 44
    "("        shift, and go to state 45
    "integer"  shift, and go to state 47
    "real"     shift, and go to state 48
    "string"   shift, and go to state 49

    bang           go to state 50
    minus          go to state 51
    lparen         go to state 52
    function_name  go to state 53
    function       go to state 54
    math_exp       go to state 113
    VALUE          go to state 56
    value          go to state 57


State 90

   31 math_exp: math_exp exponent . math_exp

    "!"        shift, and go to state 43
    "-"        shift, and go to state 44
    "("        shift, and go to state 45
    "integer"  shift, and go to state 47
    "real"     shift, and go to state 48
    "string"   shift, and go to state 49

    bang           go to state 50
    minus          go to state 51
    lparen         go to state 52
    function_name  go to state 53
    function       go to state 54
    math_exp       go to state 114
    VALUE          go to state 56
    value          go to state 57


State 91

   40 comma: "," .

    $default  reduce using rule 40 (comma)


State 92

   27 math_exp: math_exp . multiply math_exp
   28         | math_exp . divide math_exp
   29         | math_exp . plus math_exp
   30         | math_exp . minus math_exp
   31         | math_exp . exponent math_exp
   32         | math_exp . eq math_exp
   33         | math_exp . neq math_exp
   34         | math_exp . and math_exp
   35         | math_exp . or math_exp
   36         | math_exp . gte math_exp
   37         | math_exp . gt math_exp
   38         | math_exp . lte math_exp
   39         | math_exp . lt math_exp
   74 array_member: math_exp .  ["!", ",", "-", "(", QUOTE, "integer", "real", "string"]

    ">="  shift, and go to state 66
    "<="  shift, and go to state 67
    "<"   shift, and go to state 68
    ">"   shift, and go to state 69
    "!="  shift, and go to state 70
    "=="  shift, and go to state 71
    "&&"  shift, and go to state 72
    "||"  shift, and go to state 73
    "*"   shift, and go to state 74
    "/"   shift, and go to state 75
    "+"   shift, and go to state 76
    "-"   shift, and go to state 44
    "^"   shift, and go to state 77

    "-"       [reduce using rule 74 (array_member)]
    $default  reduce using rule 74 (array_member)

    gt        go to state 78
    lt        go to state 79
    gte       go to state 80
    lte       go to state 81
    neq       go to state 82
    eq        go to state 83
    and       go to state 84
    or        go to state 85
    multiply  go to state 86
    divide    go to state 87
    plus      go to state 88
    minus     go to state 89
    exponent  go to state 90


State 93

   73 array_member: comma .

    $default  reduce using rule 73 (array_member)


State 94

   78 array: quote quote .

    $default  reduce using rule 78 (array)


State 95

   75 array_members: array_member .

    $default  reduce using rule 75 (array_members)


State 96

   76 array_members: array_members . array_member
   77 array: quote array_members . quote

    "!"        shift, and go to state 43
    ","        shift, and go to state 91
    "-"        shift, and go to state 44
    "("        shift, and go to state 45
    QUOTE      shift, and go to state 46
    "integer"  shift, and go to state 47
    "real"     shift, and go to state 48
    "string"   shift, and go to state 49

    bang           go to state 50
    minus          go to state 51
    lparen         go to state 52
    function_name  go to state 53
    function       go to state 54
    math_exp       go to state 92
    comma          go to state 93
    VALUE          go to state 56
    value          go to state 57
    quote          go to state 115
    array_member   go to state 116


State 97

   47 sub_object_decl: lbracket dot_slash string rbracket .

    $default  reduce using rule 47 (sub_object_decl)


State 98

   16 rparen: ")" .

    $default  reduce using rule 16 (rparen)


State 99

   26 math_exp: lparen math_exp rparen .

    $default  reduce using rule 26 (math_exp)


State 100

   20 function_args: function_args . comma math_exp
   22 function: function_name lparen function_args . rparen

    ","  shift, and go to state 91
    ")"  shift, and go to state 98

    rparen  go to state 117
    comma   go to state 118


State 101

   19 function_args: math_exp .  [",", ")"]
   27 math_exp: math_exp . multiply math_exp
   28         | math_exp . divide math_exp
   29         | math_exp . plus math_exp
   30         | math_exp . minus math_exp
   31         | math_exp . exponent math_exp
   32         | math_exp . eq math_exp
   33         | math_exp . neq math_exp
   34         | math_exp . and math_exp
   35         | math_exp . or math_exp
   36         | math_exp . gte math_exp
   37         | math_exp . gt math_exp
   38         | math_exp . lte math_exp
   39         | math_exp . lt math_exp

    ">="  shift, and go to state 66
    "<="  shift, and go to state 67
    "<"   shift, and go to state 68
    ">"   shift, and go to state 69
    "!="  shift, and go to state 70
    "=="  shift, and go to state 71
    "&&"  shift, and go to state 72
    "||"  shift, and go to state 73
    "*"   shift, and go to state 74
    "/"   shift, and go to state 75
    "+"   shift, and go to state 76
    "-"   shift, and go to state 44
    "^"   shift, and go to state 77

    $default  reduce using rule 19 (function_args)

    gt        go to state 78
    lt        go to state 79
    gte       go to state 80
    lte       go to state 81
    neq       go to state 82
    eq        go to state 83
    and       go to state 84
    or        go to state 85
    multiply  go to state 86
    divide    go to state 87
    plus      go to state 88
    minus     go to state 89
    exponent  go to state 90


State 102

   27 math_exp: math_exp . multiply math_exp
   28         | math_exp . divide math_exp
   29         | math_exp . plus math_exp
   30         | math_exp . minus math_exp
   31         | math_exp . exponent math_exp
   32         | math_exp . eq math_exp
   33         | math_exp . neq math_exp
   34         | math_exp . and math_exp
   35         | math_exp . or math_exp
   36         | math_exp . gte math_exp
   37         | math_exp . gt math_exp
   37         | math_exp gt math_exp .  ["end of file", "[", "!", ",", ">=", "<=", "<", ">", "!=", "==", "&&", "||", "(", ")", QUOTE, "integer", "real", "string", "comment", "block terminator", "subblock terminator"]
   38         | math_exp . lte math_exp
   39         | math_exp . lt math_exp

    "*"  shift, and go to state 74
    "/"  shift, and go to state 75
    "+"  shift, and go to state 76
    "-"  shift, and go to state 44
    "^"  shift, and go to state 77

    $default  reduce using rule 37 (math_exp)

    gt        go to state 78
    lt        go to state 79
    gte       go to state 80
    lte       go to state 81
    neq       go to state 82
    eq        go to state 83
    and       go to state 84
    or        go to state 85
    multiply  go to state 86
    divide    go to state 87
    plus      go to state 88
    minus     go to state 89
    exponent  go to state 90


State 103

   27 math_exp: math_exp . multiply math_exp
   28         | math_exp . divide math_exp
   29         | math_exp . plus math_exp
   30         | math_exp . minus math_exp
   31         | math_exp . exponent math_exp
   32         | math_exp . eq math_exp
   33         | math_exp . neq math_exp
   34         | math_exp . and math_exp
   35         | math_exp . or math_exp
   36         | math_exp . gte math_exp
   37         | math_exp . gt math_exp
   38         | math_exp . lte math_exp
   39         | math_exp . lt math_exp
   39         | math_exp lt math_exp .  ["end of file", "[", "!", ",", ">=", "<=", "<", ">", "!=", "==", "&&", "||", "(", ")", QUOTE, "integer", "real", "string", "comment", "block terminator", "subblock terminator"]

    "*"  shift, and go to state 74
    "/"  shift, and go to state 75
    "+"  shift, and go to state 76
    "-"  shift, and go to state 44
    "^"  shift, and go to state 77

    $default  reduce using rule 39 (math_exp)

    gt        go to state 78
    lt        go to state 79
    gte       go to state 80
    lte       go to state 81
    neq       go to state 82
    eq        go to state 83
    and       go to state 84
    or        go to state 85
    multiply  go to state 86
    divide    go to state 87
    plus      go to state 88
    minus     go to state 89
    exponent  go to state 90


State 104

   27 math_exp: math_exp . multiply math_exp
   28         | math_exp . divide math_exp
   29         | math_exp . plus math_exp
   30         | math_exp . minus math_exp
   31         | math_exp . exponent math_exp
   32         | math_exp . eq math_exp
   33         | math_exp . neq math_exp
   34         | math_exp . and math_exp
   35         | math_exp . or math_exp
   36         | math_exp . gte math_exp
   36         | math_exp gte math_exp .  ["end of file", "[", "!", ",", ">=", "<=", "<", ">", "!=", "==", "&&", "||", "(", ")", QUOTE, "integer", "real", "string", "comment", "block terminator", "subblock terminator"]
   37         | math_exp . gt math_exp
   38         | math_exp . lte math_exp
   39         | math_exp . lt math_exp

    "*"  shift, and go to state 74
    "/"  shift, and go to state 75
    "+"  shift, and go to state 76
    "-"  shift, and go to state 44
    "^"  shift, and go to state 77

    $default  reduce using rule 36 (math_exp)

    gt        go to state 78
    lt        go to state 79
    gte       go to state 80
    lte       go to state 81
    neq       go to state 82
    eq        go to state 83
    and       go to state 84
    or        go to state 85
    multiply  go to state 86
    divide    go to state 87
    plus      go to state 88
    minus     go to state 89
    exponent  go to state 90


State 105

   27 math_exp: math_exp . multiply math_exp
   28         | math_exp . divide math_exp
   29         | math_exp . plus math_exp
   30         | math_exp . minus math_exp
   31         | math_exp . exponent math_exp
   32         | math_exp . eq math_exp
   33         | math_exp . neq math_exp
   34         | math_exp . and math_exp
   35         | math_exp . or math_exp
   36         | math_exp . gte math_exp
   37         | math_exp . gt math_exp
   38         | math_exp . lte math_exp
   38         | math_exp lte math_exp .  ["end of file", "[", "!", ",", ">=", "<=", "<", ">", "!=", "==", "&&", "||", "(", ")", QUOTE, "integer", "real", "string", "comment", "block terminator", "subblock terminator"]
   39         | math_exp . lt math_exp

    "*"  shift, and go to state 74
    "/"  shift, and go to state 75
    "+"  shift, and go to state 76
    "-"  shift, and go to state 44
    "^"  shift, and go to state 77

    $default  reduce using rule 38 (math_exp)

    gt        go to state 78
    lt        go to state 79
    gte       go to state 80
    lte       go to state 81
    neq       go to state 82
    eq        go to state 83
    and       go to state 84
    or        go to state 85
    multiply  go to state 86
    divide    go to state 87
    plus      go to state 88
    minus     go to state 89
    exponent  go to state 90


State 106

   27 math_exp: math_exp . multiply math_exp
   28         | math_exp . divide math_exp
   29         | math_exp . plus math_exp
   30         | math_exp . minus math_exp
   31         | math_exp . exponent math_exp
   32         | math_exp . eq math_exp
   33         | math_exp . neq math_exp
   33         | math_exp neq math_exp .  ["end of file", "[", "!", ",", ">=", "<=", "<", ">", "!=", "==", "&&", "||", "(", ")", QUOTE, "integer", "real", "string", "comment", "block terminator", "subblock terminator"]
   34         | math_exp . and math_exp
   35         | math_exp . or math_exp
   36         | math_exp . gte math_exp
   37         | math_exp . gt math_exp
   38         | math_exp . lte math_exp
   39         | math_exp . lt math_exp

    "*"  shift, and go to state 74
    "/"  shift, and go to state 75
    "+"  shift, and go to state 76
    "-"  shift, and go to state 44
    "^"  shift, and go to state 77

    $default  reduce using rule 33 (math_exp)

    gt        go to state 78
    lt        go to state 79
    gte       go to state 80
    lte       go to state 81
    neq       go to state 82
    eq        go to state 83
    and       go to state 84
    or        go to state 85
    multiply  go to state 86
    divide    go to state 87
    plus      go to state 88
    minus     go to state 89
    exponent  go to state 90


State 107

   27 math_exp: math_exp . multiply math_exp
   28         | math_exp . divide math_exp
   29         | math_exp . plus math_exp
   30         | math_exp . minus math_exp
   31         | math_exp . exponent math_exp
   32         | math_exp . eq math_exp
   32         | math_exp eq math_exp .  ["end of file", "[", "!", ",", ">=", "<=", "<", ">", "!=", "==", "&&", "||", "(", ")", QUOTE, "integer", "real", "string", "comment", "block terminator", "subblock terminator"]
   33         | math_exp . neq math_exp
   34         | math_exp . and math_exp
   35         | math_exp . or math_exp
   36         | math_exp . gte math_exp
   37         | math_exp . gt math_exp
   38         | math_exp . lte math_exp
   39         | math_exp . lt math_exp

    "*"  shift, and go to state 74
    "/"  shift, and go to state 75
    "+"  shift, and go to state 76
    "-"  shift, and go to state 44
    "^"  shift, and go to state 77

    $default  reduce using rule 32 (math_exp)

    gt        go to state 78
    lt        go to state 79
    gte       go to state 80
    lte       go to state 81
    neq       go to state 82
    eq        go to state 83
    and       go to state 84
    or        go to state 85
    multiply  go to state 86
    divide    go to state 87
    plus      go to state 88
    minus     go to state 89
    exponent  go to state 90


State 108

   27 math_exp: math_exp . multiply math_exp
   28         | math_exp . divide math_exp
   29         | math_exp . plus math_exp
   30         | math_exp . minus math_exp
   31         | math_exp . exponent math_exp
   32         | math_exp . eq math_exp
   33         | math_exp . neq math_exp
   34         | math_exp . and math_exp
   34         | math_exp and math_exp .  ["end of file", "[", "!", ",", "&&", "||", "(", ")", QUOTE, "integer", "real", "string", "comment", "block terminator", "subblock terminator"]
   35         | math_exp . or math_exp
   36         | math_exp . gte math_exp
   37         | math_exp . gt math_exp
   38         | math_exp . lte math_exp
   39         | math_exp . lt math_exp

    ">="  shift, and go to state 66
    "<="  shift, and go to state 67
    "<"   shift, and go to state 68
    ">"   shift, and go to state 69
    "!="  shift, and go to state 70
    "=="  shift, and go to state 71
    "*"   shift, and go to state 74
    "/"   shift, and go to state 75
    "+"   shift, and go to state 76
    "-"   shift, and go to state 44
    "^"   shift, and go to state 77

    $default  reduce using rule 34 (math_exp)

    gt        go to state 78
    lt        go to state 79
    gte       go to state 80
    lte       go to state 81
    neq       go to state 82
    eq        go to state 83
    and       go to state 84
    or        go to state 85
    multiply  go to state 86
    divide    go to state 87
    plus      go to state 88
    minus     go to state 89
    exponent  go to state 90


State 109

   27 math_exp: math_exp . multiply math_exp
   28         | math_exp . divide math_exp
   29         | math_exp . plus math_exp
   30         | math_exp . minus math_exp
   31         | math_exp . exponent math_exp
   32         | math_exp . eq math_exp
   33         | math_exp . neq math_exp
   34         | math_exp . and math_exp
   35         | math_exp . or math_exp
   35         | math_exp or math_exp .  ["end of file", "[", "!", ",", "&&", "||", "(", ")", QUOTE, "integer", "real", "string", "comment", "block terminator", "subblock terminator"]
   36         | math_exp . gte math_exp
   37         | math_exp . gt math_exp
   38         | math_exp . lte math_exp
   39         | math_exp . lt math_exp

    ">="  shift, and go to state 66
    "<="  shift, and go to state 67
    "<"   shift, and go to state 68
    ">"   shift, and go to state 69
    "!="  shift, and go to state 70
    "=="  shift, and go to state 71
    "*"   shift, and go to state 74
    "/"   shift, and go to state 75
    "+"   shift, and go to state 76
    "-"   shift, and go to state 44
    "^"   shift, and go to state 77

    $default  reduce using rule 35 (math_exp)

    gt        go to state 78
    lt        go to state 79
    gte       go to state 80
    lte       go to state 81
    neq       go to state 82
    eq        go to state 83
    and       go to state 84
    or        go to state 85
    multiply  go to state 86
    divide    go to state 87
    plus      go to state 88
    minus     go to state 89
    exponent  go to state 90


State 110

   27 math_exp: math_exp . multiply math_exp
   27         | math_exp multiply math_exp .  ["end of file", "[", "!", ",", ">=", "<=", "<", ">", "!=", "==", "&&", "||", "*", "/", "+", "-", "(", ")", QUOTE, "integer", "real", "string", "comment", "block terminator", "subblock terminator"]
   28         | math_exp . divide math_exp
   29         | math_exp . plus math_exp
   30         | math_exp . minus math_exp
   31         | math_exp . exponent math_exp
   32         | math_exp . eq math_exp
   33         | math_exp . neq math_exp
   34         | math_exp . and math_exp
   35         | math_exp . or math_exp
   36         | math_exp . gte math_exp
   37         | math_exp . gt math_exp
   38         | math_exp . lte math_exp
   39         | math_exp . lt math_exp

    "^"  shift, and go to state 77

    $default  reduce using rule 27 (math_exp)

    gt        go to state 78
    lt        go to state 79
    gte       go to state 80
    lte       go to state 81
    neq       go to state 82
    eq        go to state 83
    and       go to state 84
    or        go to state 85
    multiply  go to state 86
    divide    go to state 87
    plus      go to state 88
    minus     go to state 89
    exponent  go to state 90


State 111

   27 math_exp: math_exp . multiply math_exp
   28         | math_exp . divide math_exp
   28         | math_exp divide math_exp .  ["end of file", "[", "!", ",", ">=", "<=", "<", ">", "!=", "==", "&&", "||", "*", "/", "+", "-", "(", ")", QUOTE, "integer", "real", "string", "comment", "block terminator", "subblock terminator"]
   29         | math_exp . plus math_exp
   30         | math_exp . minus math_exp
   31         | math_exp . exponent math_exp
   32         | math_exp . eq math_exp
   33         | math_exp . neq math_exp
   34         | math_exp . and math_exp
   35         | math_exp . or math_exp
   36         | math_exp . gte math_exp
   37         | math_exp . gt math_exp
   38         | math_exp . lte math_exp
   39         | math_exp . lt math_exp

    "^"  shift, and go to state 77

    $default  reduce using rule 28 (math_exp)

    gt        go to state 78
    lt        go to state 79
    gte       go to state 80
    lte       go to state 81
    neq       go to state 82
    eq        go to state 83
    and       go to state 84
    or        go to state 85
    multiply  go to state 86
    divide    go to state 87
    plus      go to state 88
    minus     go to state 89
    exponent  go to state 90


State 112

   27 math_exp: math_exp . multiply math_exp
   28         | math_exp . divide math_exp
   29         | math_exp . plus math_exp
   29         | math_exp plus math_exp .  ["end of file", "[", "!", ",", ">=", "<=", "<", ">", "!=", "==", "&&", "||", "+", "-", "(", ")", QUOTE, "integer", "real", "string", "comment", "block terminator", "subblock terminator"]
   30         | math_exp . minus math_exp
   31         | math_exp . exponent math_exp
   32         | math_exp . eq math_exp
   33         | math_exp . neq math_exp
   34         | math_exp . and math_exp
   35         | math_exp . or math_exp
   36         | math_exp . gte math_exp
   37         | math_exp . gt math_exp
   38         | math_exp . lte math_exp
   39         | math_exp . lt math_exp

    "*"  shift, and go to state 74
    "/"  shift, and go to state 75
    "^"  shift, and go to state 77

    $default  reduce using rule 29 (math_exp)

    gt        go to state 78
    lt        go to state 79
    gte       go to state 80
    lte       go to state 81
    neq       go to state 82
    eq        go to state 83
    and       go to state 84
    or        go to state 85
    multiply  go to state 86
    divide    go to state 87
    plus      go to state 88
    minus     go to state 89
    exponent  go to state 90


State 113

   27 math_exp: math_exp . multiply math_exp
   28         | math_exp . divide math_exp
   29         | math_exp . plus math_exp
   30         | math_exp . minus math_exp
   30         | math_exp minus math_exp .  ["end of file", "[", "!", ",", ">=", "<=", "<", ">", "!=", "==", "&&", "||", "+", "-", "(", ")", QUOTE, "integer", "real", "string", "comment", "block terminator", "subblock terminator"]
   31         | math_exp . exponent math_exp
   32         | math_exp . eq math_exp
   33         | math_exp . neq math_exp
   34         | math_exp . and math_exp
   35         | math_exp . or math_exp
   36         | math_exp . gte math_exp
   37         | math_exp . gt math_exp
   38         | math_exp . lte math_exp
   39         | math_exp . lt math_exp

    "*"  shift, and go to state 74
    "/"  shift, and go to state 75
    "^"  shift, and go to state 77

    $default  reduce using rule 30 (math_exp)

    gt        go to state 78
    lt        go to state 79
    gte       go to state 80
    lte       go to state 81
    neq       go to state 82
    eq        go to state 83
    and       go to state 84
    or        go to state 85
    multiply  go to state 86
    divide    go to state 87
    plus      go to state 88
    minus     go to state 89
    exponent  go to state 90


State 114

   27 math_exp: math_exp . multiply math_exp
   28         | math_exp . divide math_exp
   29         | math_exp . plus math_exp
   30         | math_exp . minus math_exp
   31         | math_exp . exponent math_exp
   31         | math_exp exponent math_exp .  ["end of file", "[", "!", ",", ">=", "<=", "<", ">", "!=", "==", "&&", "||", "*", "/", "+", "-", "(", ")", QUOTE, "integer", "real", "string", "comment", "block terminator", "subblock terminator"]
   32         | math_exp . eq math_exp
   33         | math_exp . neq math_exp
   34         | math_exp . and math_exp
   35         | math_exp . or math_exp
   36         | math_exp . gte math_exp
   37         | math_exp . gt math_exp
   38         | math_exp . lte math_exp
   39         | math_exp . lt math_exp

    "^"  shift, and go to state 77

    $default  reduce using rule 31 (math_exp)

    gt        go to state 78
    lt        go to state 79
    gte       go to state 80
    lte       go to state 81
    neq       go to state 82
    eq        go to state 83
    and       go to state 84
    or        go to state 85
    multiply  go to state 86
    divide    go to state 87
    plus      go to state 88
    minus     go to state 89
    exponent  go to state 90


State 115

   77 array: quote array_members quote .

    $default  reduce using rule 77 (array)


State 116

   76 array_members: array_members array_member .

    $default  reduce using rule 76 (array_members)


State 117

   22 function: function_name lparen function_args rparen .

    $default  reduce using rule 22 (function)


State 118

   20 function_args: function_args comma . math_exp

    "!"        shift, and go to state 43
    "-"        shift, and go to state 44
    "("        shift, and go to state 45
    "integer"  shift, and go to state 47
    "real"     shift, and go to state 48
    "string"   shift, and go to state 49

    bang           go to state 50
    minus          go to state 51
    lparen         go to state 52
    function_name  go to state 53
    function       go to state 54
    math_exp       go to state 119
    VALUE          go to state 56
    value          go to state 57


State 119

   20 function_args: function_args comma math_exp .  [",", ")"]
   27 math_exp: math_exp . multiply math_exp
   28         | math_exp . divide math_exp
   29         | math_exp . plus math_exp
   30         | math_exp . minus math_exp
   31         | math_exp . exponent math_exp
   32         | math_exp . eq math_exp
   33         | math_exp . neq math_exp
   34         | math_exp . and math_exp
   35         | math_exp . or math_exp
   36         | math_exp . gte math_exp
   37         | math_exp . gt math_exp
   38         | math_exp . lte math_exp
   39         | math_exp . lt math_exp

    ">="  shift, and go to state 66
    "<="  shift, and go to state 67
    "<"   shift, and go to state 68
    ">"   shift, and go to state 69
    "!="  shift, and go to state 70
    "=="  shift, and go to state 71
    "&&"  shift, and go to state 72
    "||"  shift, and go to state 73
    "*"   shift, and go to state 74
    "/"   shift, and go to state 75
    "+"   shift, and go to state 76
    "-"   shift, and go to state 44
    "^"   shift, and go to state 77

    $default  reduce using rule 20 (function_args)

    gt        go to state 78
    lt        go to state 79
    gte       go to state 80
    lte       go to state 81
    neq       go to state 82
    eq        go to state 83
    and       go to state 84
    or        go to state 85
    multiply  go to state 86
    divide    go to state 87
    plus      go to state 88
    minus     go to state 89
    exponent  go to state 90
